# JRE version: Java(TM) SE Runtime Environment (15.0+36) (build 15+36-1562)
# Java VM: Java HotSpot(TM) 64-Bit Server VM (15+36-1562, mixed mode, sharing, tiered, compressed oops, g1 gc, windows-amd64)
GC Precious Log:
 CPUs: 8 total, 8 available
 Memory: 16152M
 Large Page Support: Disabled
 NUMA Support: Disabled
 Compressed Oops: Enabled (Zero based)
 Heap Region Size: 2M
 Heap Min Capacity: 8M
 Heap Initial Capacity: 254M
 Heap Max Capacity: 4040M
 Pre-touch: Disabled
 Parallel Workers: 8
 Concurrent Workers: 2
 Concurrent Refinement Workers: 8
 Periodic GC: Disabled
Heap:
 garbage-first heap   total 61440K, used 28687K [0x0000000703800000, 0x0000000800000000)
  region size 2048K, 14 young (28672K), 6 survivors (12288K)
 Metaspace       used 22718K, capacity 23260K, committed 23676K, reserved 1071104K
  class space    used 2438K, capacity 2627K, committed 2764K, reserved 1048576K
GC Heap History (6 events):
Event: 0.588 GC heap before
{Heap before GC invocations=0 (full 0):
 garbage-first heap   total 260096K, used 22528K [0x0000000703800000, 0x0000000800000000)
  region size 2048K, 11 young (22528K), 0 survivors (0K)
 Metaspace       used 6015K, capacity 7826K, committed 8064K, reserved 1056768K
  class space    used 688K, capacity 862K, committed 896K, reserved 1048576K
}
Event: 0.591 GC heap after
{Heap after GC invocations=1 (full 0):
 garbage-first heap   total 260096K, used 3871K [0x0000000703800000, 0x0000000800000000)
  region size 2048K, 2 young (4096K), 2 survivors (4096K)
 Metaspace       used 6015K, capacity 7826K, committed 8064K, reserved 1056768K
  class space    used 688K, capacity 862K, committed 896K, reserved 1048576K
}
Event: 0.961 GC heap before
{Heap before GC invocations=1 (full 0):
 garbage-first heap   total 260096K, used 30495K [0x0000000703800000, 0x0000000800000000)
  region size 2048K, 15 young (30720K), 2 survivors (4096K)
 Metaspace       used 10172K, capacity 11646K, committed 11904K, reserved 1060864K
  class space    used 1204K, capacity 1386K, committed 1408K, reserved 1048576K
}
Event: 0.964 GC heap after
{Heap after GC invocations=2 (full 0):
 garbage-first heap   total 260096K, used 5505K [0x0000000703800000, 0x0000000800000000)
  region size 2048K, 1 young (2048K), 1 survivors (2048K)
 Metaspace       used 10172K, capacity 11646K, committed 11904K, reserved 1060864K
  class space    used 1204K, capacity 1386K, committed 1408K, reserved 1048576K
}
Event: 3.378 GC heap before
{Heap before GC invocations=2 (full 0):
 garbage-first heap   total 260096K, used 148865K [0x0000000703800000, 0x0000000800000000)
  region size 2048K, 72 young (147456K), 1 survivors (2048K)
 Metaspace       used 20749K, capacity 21220K, committed 21296K, reserved 1069056K
  class space    used 2245K, capacity 2415K, committed 2432K, reserved 1048576K
}
Event: 3.386 GC heap after
{Heap after GC invocations=3 (full 0):
 garbage-first heap   total 260096K, used 14351K [0x0000000703800000, 0x0000000800000000)
  region size 2048K, 6 young (12288K), 6 survivors (12288K)
 Metaspace       used 20749K, capacity 21220K, committed 21296K, reserved 1069056K
  class space    used 2245K, capacity 2415K, committed 2432K, reserved 1048576K
}

